\# Program start time UTC 2017.02.02 18:17:39.492
\# Local time Thursday 2 February 2017, 7:17 pm
\o Program:		@(#)$CDS: virtuoso version 6.1.5 09/25/2012 22:16 (sjfdl074) $
\o Hierarchy:		/opt/Cadence/tools.lnx86/dfII/
\o Sub version:		sub-version  IC6.1.5.500.132  (32-bit addresses)
\# Host name (type):	vlnmnx04 (i686)
\# Operating system:	Linux 2.6.32-642.11.1.el6.i686 #1 SMP Fri Nov 18 18:48:28 UTC 2016
\# X display name (WxH):	:1140.0 (1674x916)
\# Available geometry:			TL(0:25) BR(1673:890)
\# X server:			The X.Org Foundation
\# Depth of Visual (Root):	24 (24)
\# Number of Planes Used:	24
\# X version:		11.0 (vendor release 70000000)
\# X resource pool:	base 0x2e00000, mask 0x1fffff (2097151), shift 0
\# 			current id 0x0, current max 0x1ffffa (2097146)
\# Memory report:	maximum data size 4294967295 (0xffffffff) bytes
\# Memory report:	maximum process size 4294967295 (0xffffffff) bytes
\# Initial sbrk value:	372625408 (0x1635d000) bytes
\# Available memory:	13618612 (0xcfcdb4) kilobytes
\# System memory:	15987808 (0xf3f460) kilobytes
\# Maximum memory size:	3957153791 (0xebdd5fff) bytes
\# Max mem available:	3957153791 (0xebdd5fff) bytes
\# Initial memory used:	34811904 (0x2133000) bytes
\# Qt version:		4.5.3
\# Window Manager:	gnome (metacity)
\# User Name:		guest0101
\o Working Directory:	vlnmnx04:/data/home/guest0101/Downloads
\# Process Id:		4207
\o 
\o COPYRIGHT © 1992-2012  CADENCE DESIGN SYSTEMS INC.  ALL RIGHTS RESERVED.
\o           © 1992-2012  UNIX SYSTEMS Laboratories INC.,
\o                          Reproduced with permission.
\o 
\o This Cadence Design Systems program and online documentation are
\o proprietary/confidential information and may be disclosed/used only
\o as authorized in a license agreement controlling such use and disclosure.
\o 
\o           RESTRICTED RIGHTS NOTICE (SHORT FORM)
\o Use/reproduction/disclosure is subject to restriction
\o set forth at FAR 1252.227-19 or its equivalent.
\# Available memory:	13616496 (0xcfc570) kilobytes UTC 2017.02.02 18:17:39.745
\o Loading geView.cxt 
\o Loading menuBuilder.cxt 
\o Loading schView.cxt 
\o Loading selectSv.cxt 
\o Loading LVS.cxt 
\o Loading layerProc.cxt 
\o Loading xlUI.cxt 
\o Loading auCore.cxt 
\o Loading dcm.cxt 
\o Loading vhdl.cxt 
\o Loading seismic.cxt 
\o Loading ci.cxt 
\o Loading ams.cxt 
\o Virtuoso Framework License (111) was checked out successfully. Total checkout time was 0.06s.
\i ddsWhatsNew()
\p > 
\a hiCloseWindow(window(2))
\r t
\a hiResizeWindow(window(1) list(482:48 1207:241))
\r t
\a hiResizeWindow(window(1) list(490:48 1215:241))
\r t
\a hiResizeWindow(window(1) list(503:48 1228:241))
\r t
\a hiResizeWindow(window(1) list(520:48 1245:241))
\r t
\a hiResizeWindow(window(1) list(538:48 1263:241))
\r t
\a hiResizeWindow(window(1) list(574:48 1299:241))
\r t
\a hiResizeWindow(window(1) list(600:48 1325:241))
\r t
\a hiResizeWindow(window(1) list(633:48 1358:241))
\r t
\a hiResizeWindow(window(1) list(657:48 1382:241))
\r t
\a hiResizeWindow(window(1) list(680:48 1405:241))
\r t
\a hiResizeWindow(window(1) list(704:48 1429:241))
\r t
\a hiResizeWindow(window(1) list(723:49 1448:242))
\r t
\a hiResizeWindow(window(1) list(778:59 1503:252))
\r t
\a hiResizeWindow(window(1) list(778:59 1503:252))
\r t
\a hiResizeWindow(window(1) list(796:65 1521:258))
\r t
\a hiResizeWindow(window(1) list(816:74 1541:267))
\r t
\a hiResizeWindow(window(1) list(867:101 1592:294))
\r t
\a hiResizeWindow(window(1) list(899:122 1624:315))
\r t
\a hiResizeWindow(window(1) list(927:146 1652:339))
\r t
\a hiResizeWindow(window(1) list(935:152 1660:345))
\r t
\a hiResizeWindow(window(1) list(940:158 1665:351))
\r t
\a hiResizeWindow(window(1) list(945:163 1670:356))
\r t
\a hiResizeWindow(window(1) list(945:164 1670:357))
\r t
\a hiResizeWindow(window(1) list(945:165 1670:358))
\r t
\a hiResizeWindow(window(1) list(945:166 1670:359))
\r t
\a hiResizeWindow(window(1) list(945:167 1670:360))
\r t
\a hiResizeWindow(window(1) list(945:170 1670:363))
\r t
\a hiResizeWindow(window(1) list(945:177 1670:370))
\r t
\a hiResizeWindow(window(1) list(945:182 1670:375))
\r t
\a hiResizeWindow(window(1) list(945:198 1670:391))
\r t
\a hiResizeWindow(window(1) list(945:218 1670:411))
\r t
\a hiResizeWindow(window(1) list(945:241 1670:434))
\r t
\a hiResizeWindow(window(1) list(984:272 1709:465))
\r t
\a hiResizeWindow(window(1) list(991:284 1716:477))
\r t
\a ddsOpenLibManager()
\r t
\o  
\o (virtuoso) Syncing library list with the Library Manager.
\i ddUpdateLibList()
\a deNew()
\p > 
\a hiiSetCurrentForm('deNewForm)
\r t
\a hiFormDone(deNewForm)
\p > 
\a hiDBoxOK(deDBox)
\r t
\r t
\a deNewForm->deCellName->value="labdesign"
\r "labdesign"
\a hiFormDone(deNewForm)
\r t
\w *WARNING* (icLic-3) Could not get license Virtuoso_Schematic_Editor_L
\p > 
\a hiDBoxUser(_icLicLicenseQuestionDBox nil 1)
\r t
\o *INFO* (icLic-25) License Virtuoso_Schematic_Editor_XL ("95115") was used to run Schematics L.
\o Loading schematic.cxt 
\o Loading lo.cxt 
\o Loading vb.cxt 
\o Loading oi.cxt 
\o Loading see.cxt 
\o Loading treeAssistant.cxt 
\o Loading le.cxt 
\o Loading leToolbox.cxt 
\o Loading asst.cxt 
\o Loading hsm.cxt 
\o Loading lx.cxt 
\o Loading lce.cxt 
\r window:3
\a when(dwindow('oiAssistant1) hiMapWindow(dwindow('oiAssistant1)))
\r t
\a when(dwindow('treeAssistant1) hiMapWindow(dwindow('treeAssistant1)))
\r t
\a schHiCreateInst()
\p > 
\a hiiSetCurrentForm('schCreateInstForm)
\r t
\a schiCreateInstBrowseButtonCB(schCreateInstForm)
\r t
\i ddsServSelect("acdLib2016" "" "")
\i ddsServSelect("acdLib2016" "labdesign" "")
\o Loading cdf.cxt 
\i ddsServSelect("acdLib2016" "LAB01_ota1" "")
\i ddsServSelect("acdLib2016" "" "")
\i ddsServSelect("acdLib2016" "LAB01_ota1" "")
\i ddsServSelect("acdLib2016" "mos_level2" "symbol")
\a schCreateInstForm->width->value="8.75u M"
\r "8.75u M"
\a schCreateInstForm->length->value="0.7u M"
\r "0.7u M"
\a schCreateInstForm->va->value="14 V"
\r "14 V"
\a schCreateInstForm->dev_type->value="0"
\r "0"
\a mouseAddPt(t)
\i -0.0625:0.61875
\r t
\a mouseAddPt(t)
\i 2.04375:0.6375
\r t
\a mouseAddPt(t)
\i -0.13125:-1.04375
\r t
\a mouseAddPt(t)
\i 1.9875:-1.04375
\r t
\a mouseAddPt(t)
\i 1.1125:1.55
\r t
\a mouseAddPt(t)
\i 4.46875:1.55625
\r t
\a mouseAddPt(t)
\i 4.4875:-1.08125
\r t
\a _treeNavSelectionClear(dwindow('treeAssistant1))
\r t
\a _treeNavSelect(dwindow('treeAssistant1) "/I3(symbol) Inst")
\r t
\a _treeRaiseContextMenu()
\r nil
\a hiPopupDown(_cxtMenu)
\r t
\a _treeOpenInst(_treeFromCurrentWindow())
\r t
\a _treeAssistantOpen( list( nil 'hierarchy "{acdLib2016 labdesign schematic}/I3(symbol)") "current tab" "read" "acdLib2016" "mos_level2" "symbol" 'nil)
\p > 
\a hiDBoxOK(geDBox)
\r t
\o Loading cph.cxt 
\w *WARNING* (DEBASE-102023): Couldn't find instance named "I3"
\w *WARNING* (icLic-3) Could not get license Virtuoso_Schematic_Editor_L
\w *WARNING* (icLic-21) License Virtuoso_Schematic_Editor_L ("95100") is not available to run Schematics-L.
\w Trying to check out the license Virtuoso_Schematic_Editor_XL ("95115") instead.
\o *INFO* (icLic-25) License Virtuoso_Schematic_Editor_XL ("95115") was used to run Schematics L.
\r t
\r nil
\a _treeNavSelectionClear(dwindow('treeAssistant1))
\r t
\a _treeNavSelect(dwindow('treeAssistant1) " Inst")
\r t
\a swindow(1)->hiToolbars->schSelectToolbar_1->instances->checked=t
\r t
\a schHiCreateInst()
\p > 
\a schCreateInstForm->width->value="8.75u M"
\r "8.75u M"
\a schCreateInstForm->length->value="0.7u M"
\r "0.7u M"
\a schCreateInstForm->va->value="14 V"
\r "14 V"
\a schCreateInstForm->dev_type->value="0"
\r "0"
\a mouseAddPt(t)
\i -2.54375:0.875
\r t
\a mouseAddPt(t)
\i -0.6125:0.86875
\r t
\a mouseAddPt(t)
\i -2.55625:-0.5125
\r t
\a mouseAddPt(t)
\i -0.63125:-0.575
\r t
\a mouseAddPt(t)
\i -1.55625:1.70625
\r t
\a mouseAddPt(t)
\i 0.96875:1.61875
\r t
\a mouseAddPt(t)
\i 0.95:-0.575
\r t
\a schHiCheckAndSave()
\o INFO (SCH-1170): Extracting "labdesign schematic"
\o Warning: Pin "vgate" on instance "I6": floating input/output.
\o Warning: Pin "vbody" on instance "I6": floating input/output.
\o Warning: Pin "vdrain" on instance "I6": floating input/output.
\o Warning: Pin "vsource" on instance "I6": floating input/output.
\o Warning: Pin "vgate" on instance "I5": floating input/output.
\o Warning: Pin "vbody" on instance "I5": floating input/output.
\o Warning: Pin "vdrain" on instance "I5": floating input/output.
\o Warning: Pin "vsource" on instance "I5": floating input/output.
\o Warning: Pin "vgate" on instance "I4": floating input/output.
\o Warning: Pin "vbody" on instance "I4": floating input/output.
\o Warning: Pin "vdrain" on instance "I4": floating input/output.
\o Warning: Pin "vsource" on instance "I4": floating input/output.
\o Warning: Pin "vgate" on instance "I3": floating input/output.
\o Warning: Pin "vbody" on instance "I3": floating input/output.
\o Warning: Pin "vdrain" on instance "I3": floating input/output.
\o Warning: Pin "vsource" on instance "I3": floating input/output.
\o Warning: Pin "vgate" on instance "I2": floating input/output.
\o Warning: Pin "vbody" on instance "I2": floating input/output.
\o Warning: Pin "vdrain" on instance "I2": floating input/output.
\o Warning: Pin "vsource" on instance "I2": floating input/output.
\o Warning: Pin "vgate" on instance "I1": floating input/output.
\o Warning: Pin "vbody" on instance "I1": floating input/output.
\o Warning: Pin "vdrain" on instance "I1": floating input/output.
\o Warning: Pin "vsource" on instance "I1": floating input/output.
\o Warning: Pin "vgate" on instance "I0": floating input/output.
\o Warning: Pin "vbody" on instance "I0": floating input/output.
\o Warning: Pin "vdrain" on instance "I0": floating input/output.
\o Warning: Pin "vsource" on instance "I0": floating input/output.
\o INFO (SCH-1172): There were 0 errors and 28 warnings found in "acdLib2016 labdesign schematic".
\p > 
\a hiDBoxOK(_schCheckDBox)
\r t
\o INFO (SCH-1181): "acdLib2016 labdesign schematic" saved.
\r t
\a schHiMousePopUp()
\i -1.5:0.75
\r t
\a hiPopupDown(schNonePopUp)
\r t
\a cancelEnterFun()
\r t
\r nil
\a schSingleSelectPt()
\i -2.375:-0.5625
\r t
\a _oiSelectItem(dwindow('oiAssistant1) "7" 1)
\r t
\a _oiSetItem(dwindow('oiAssistant1) "7" 1 "1")
\r t
\a schSingleSelectPt()
\i -0.4375:-0.5
\r t
\a _oiSelectItem(dwindow('oiAssistant1) "6" 1)
\r t
\a _oiSelectItem(dwindow('oiAssistant1) "7" 1)
\r t
\a _oiSetItem(dwindow('oiAssistant1) "7" 1 "1")
\r t
\a _oiSelectItem(dwindow('oiAssistant1) "0" 1)
\r t
\a _oiSetItem(dwindow('oiAssistant1) "0" 1 "5.47u")
\r t
\a _oiSelectItem(dwindow('oiAssistant1) "1" 1)
\r t
\a _oiSetItem(dwindow('oiAssistant1) "1" 1 "0.875u")
\r t
\a schSingleSelectPt()
\i -2.375:-0.5
\r t
\a _oiSelectItem(dwindow('oiAssistant1) "0" 1)
\r t
\a _oiSetItem(dwindow('oiAssistant1) "0" 1 "5.47u")
\r t
\a _oiSelectItem(dwindow('oiAssistant1) "1" 1)
\r t
\a _oiSetItem(dwindow('oiAssistant1) "1" 1 "0.875u")
\r t
\a _oiSelectItem(dwindow('oiAssistant1) "2" 1)
\r t
\a _oiSetItem(dwindow('oiAssistant1) "2" 1 "17.5")
\r t
\a schSingleSelectPt()
\i -0.5:-0.5625
\r t
\a _oiSelectItem(dwindow('oiAssistant1) "2" 1)
\r t
\a _oiSetItem(dwindow('oiAssistant1) "2" 1 "17.5")
\r t
\a schSingleSelectPt()
\i -1.4375:1.6875
\r t
\a _oiSelectItem(dwindow('oiAssistant1) "0" 1)
\r t
\a _oiSetItem(dwindow('oiAssistant1) "0" 1 "2.19u")
\r t
\a _oiSelectItem(dwindow('oiAssistant1) "1" 1)
\r t
\a _oiSetItem(dwindow('oiAssistant1) "1" 1 "0.35u")
\r t
\a _oiSelectItem(dwindow('oiAssistant1) "2" 1)
\r t
\a _oiSetItem(dwindow('oiAssistant1) "2" 1 "7")
\r t
\a schSingleSelectPt()
\i 1.125:-0.5625
\r t
\a _oiSelectItem(dwindow('oiAssistant1) "0" 1)
\r t
\a _oiSetItem(dwindow('oiAssistant1) "0" 1 "W")
\r t
\a _oiSelectItem(dwindow('oiAssistant1) "1" 1)
\r t
\a _oiSetItem(dwindow('oiAssistant1) "1" 1 "1u")
\r t
\a _oiSelectItem(dwindow('oiAssistant1) "2" 1)
\r t
\a _oiSetItem(dwindow('oiAssistant1) "2" 1 "2")
\r t
\a _oiSelectItem(dwindow('oiAssistant1) "2" 1)
\r t
\a _oiSetItem(dwindow('oiAssistant1) "2" 1 "20")
\r t
\a schSingleSelectPt()
\i 1.25:1.75
\r t
\a _oiSelectItem(dwindow('oiAssistant1) "1" 1)
\r t
\a _oiSetItem(dwindow('oiAssistant1) "1" 1 "1u")
\r t
\a _oiSelectItem(dwindow('oiAssistant1) "0" 1)
\r t
\a _oiSetItem(dwindow('oiAssistant1) "0" 1 "W")
\r t
\a _oiSelectItem(dwindow('oiAssistant1) "2" 1)
\r t
\a _oiSetItem(dwindow('oiAssistant1) "2" 1 "20")
\r t
\a schHiCreateWire(0.0)
\o Loading layers.cxt 
\p > 
\a mouseAddPt(t)
\i -2.29375:0.88125
\r t
\a mouseAddPt(t)
\i -2.13125:0.68125
\r t
\a mouseAddPt(t)
\i -2.29375:0.68125
\r t
\a mouseAddPt(t)
\i -0.35625:0.85625
\r t
\a mouseAddPt(t)
\i -0.2125:0.66875
\r t
\a mouseAddPt(t)
\i -0.3625:0.68125
\r t
\a mouseAddPt(t)
\i -2.29375:-0.51875
\r t
\a mouseAddPt(t)
\i -2.14375:-0.71875
\r t
\a mouseAddPt(t)
\i -2.30625:-0.68125
\r t
\a geSingleSelectBox()
\i -2.125:-0.75
\p > 
\a addPoint(hiGetCommandPoint())
\i -2.125:-0.6875
\r t
\r nil
\a mouseAddPt(t)
\i -2.13125:-0.7125
\r t
\a schMouseApplyOrFinish()
\i -2.125:-0.6875
\r t
\a schHiMousePopUp()
\i -2.125:-0.6875
\r t
\a hiPopupDown(schNonePopUp)
\r t
\a schHiDelete()
\r t
\a mouseAddPt(t)
\i -2.11875:-0.6875
\r t
\a schMouseApplyOrFinish()
\i -2.125:-0.6875
\r t
\a schMouseApplyOrFinish()
\i -2.125:-0.75
\r t
\a swindow(1)->hiToolbars->schSelectToolbar_1->nets->checked=t
\r t
\a mouseAddPt(t)
\i -2.13125:-0.73125
\r t
\a mouseAddPt(t)
\i -2.2:-0.75625
\r t
\a mouseAddPt(t)
\i -2.29375:-0.74375
\r t
\a mouseAddPt(t)
\i -2.16875:-0.5125
\r t
\a schHiCreateWire(0.0)
\r t
\a mouseAddPt(t)
\i -2.3:-0.50625
\r t
\a mouseAddPt(t)
\i -2.125:-0.68125
\r t
\a mouseAddPt(t)
\i -2.29375:-0.68125
\r t
\a mouseAddPt(t)
\i -0.38125:-0.5625
\r t
\a mouseAddPt(t)
\i -0.1875:-0.7625
\r t
\a mouseAddPt(t)
\i -0.36875:-0.7625
\r t
\a mouseAddPt(t)
\i -1.3:1.66875
\r t
\a mouseAddPt(t)
\i -1.11875:1.46875
\r t
\a mouseAddPt(t)
\i -1.3:1.5
\r t
\a mouseAddPt(t)
\i 1.2625:1.6125
\r t
\a mouseAddPt(t)
\i 1.45:1.44375
\r t
\a mouseAddPt(t)
\i 1.2625:1.4375
\r t
\a mouseAddPt(t)
\i 1.2:-0.56875
\r t
\a mouseAddPt(t)
\i 1.36875:-0.75
\r t
\a mouseAddPt(t)
\i 1.20625:-0.7625
\r t
\a swindow(1)->hiToolbars->schSelectToolbar_1->instances->checked=t
\r t
\a mouseAddPt(t)
\i -2.41875:0.8625
\r t
\a mouseAddPt(t)
\i -2.93125:1.3
\r t
\a mouseAddPt(t)
\i 0.20625:1.28125
\r t
\a mouseAddPt(t)
\i 0.175:0.4625
\r t
\a mouseAddPt(t)
\i -2.66875:0.4
\r t
\a mouseAddPt(t)
\i -2.94375:1.29375
\r t
\a swindow(1)->hiToolbars->schSelectToolbar_1->nets->checked=t
\r t
\a schHiDelete()
\r t
\a mouseAddPt(t)
\i -2.71875:1.325
\r t
\a mouseAddPt(t)
\i -2.925:1.1625
\r t
\a mouseAddPt(t)
\i -2.63125:1.0875
\r t
\a mouseAddPt(t)
\i -2.63125:0.38125
\r t
\a mouseAddPt(t)
\i 0.19375:0.6375
\r t
\a swindow(1)->hiToolbars->schSelectToolbar_1->instances->checked=t
\r t
\a geSingleSelectBox()
\i -3.1875:1.375
\p > 
\a addPoint(hiGetCommandPoint())
\i 0.25:0.1875
\r t
\r t
\a hiZoomOut()
\p > 
\a hiZoomOut()
\r nil
\a mouseAddPt(t)
\i -0.35625:0.1625
\r t
\a hiUndo()
\r t
\a _schHiToolbarRotate('flipV)
\p > 
\a geSingleSelectBox()
\i -3:1.25
\p > 
\a addPoint(hiGetCommandPoint())
\i 0.4375:0.4375
\r t
\r t
\a _schHiToolbarRotate('previous)
\p > 
\a _schHiToolbarRotate('previous)
\p > 
\a _schHiToolbarRotate('previous)
\w *WARNING* Cancelling function, exceeds nestability limit of 5
\r nil
\a _schHiToolbarRotate('flipH)
\w *WARNING* Cancelling function, exceeds nestability limit of 5
\r nil
\a _schHiToolbarRotate('right)
\w *WARNING* Cancelling function, exceeds nestability limit of 5
\r nil
\a _schHiToolbarRotate('left)
\w *WARNING* Cancelling function, exceeds nestability limit of 5
\r nil
\a swindow(1)->hiToolbars->schSelectToolbar_1->instances->checked=nil
\r nil
\a mouseAddPt(t)
\i -2.43125:0.85625
\r t
\r t
\a mouseAddPt(t)
\i -2.43125:0.85625
\r t
\r t
\a mouseAddPt(t)
\i -2.43125:0.85625
\r t
\a mouseAddPt(t)
\i -2.43125:0.85625
\r t
\a mouseAddPt(t)
\i -2.4:0.81875
\r t
\a mouseAddPt(t)
\i -2.4:0.81875
\r t
\a mouseAddPt(t)
\i -2.4:0.81875
\r t
\a mouseAddPt(t)
\i -2.4:0.81875
\r t
\a hiUndo()
\r t
\a hiUndo()
\r t
\a hiUndo()
\r t
\a hiUndo()
\r t
\a hiUndo()
\r t
\a hiUndo()
\r t
\a hiUndo()
\r t
\a hiUndo()
\r t
\a mouseAddPt(t)
\i -1.50625:0.6125
\r t
\a mouseAddPt(t)
\i -2.40625:0.85625
\r t
\a mouseAddPt(t)
\i -2.40625:0.85625
\r t
\a mouseAddPt(t)
\i -0.50625:0.86875
\r t
\a mouseAddPt(t)
\i -0.50625:0.86875
\r t
\a _schHiToolbarRotate('flipH)
\p > 
\a mouseAddPt(t)
\i -2.4625:0.8625
\r t
\a mouseAddPt(t)
\i -1.3875:1.66875
\r t
\a _schHiToolbarRotate('previous)
\p > 
\a _schHiToolbarRotate('right)
\w *WARNING* Cancelling function, exceeds nestability limit of 5
\r nil
\a mouseAddPt(t)
\i -1.35:1.6625
\r t
\a mouseAddPt(t)
\i -1.35:1.6625
\r t
\a _schHiToolbarRotate('flipH)
\w *WARNING* Cancelling function, exceeds nestability limit of 5
\r nil
\a mouseAddPt(t)
\i -1.46875:1.59375
\r t
\a _schHiToolbarRotate('previous)
\w *WARNING* Cancelling function, exceeds nestability limit of 5
\r nil
\a _schHiToolbarRotate('right)
\w *WARNING* Cancelling function, exceeds nestability limit of 5
\r nil
\a mouseAddPt(t)
\i 1.125:1.58125
\r t
\a mouseAddPt(t)
\i 1.125:1.58125
\r t
\a mouseAddPt(t)
\i 1.125:1.58125
\r t
\a mouseAddPt(t)
\i 1.125:1.58125
\r t
\a mouseAddPt(t)
\i 1.125:1.58125
\r t
\a mouseAddPt(t)
\i 1.125:1.58125
\r t
\a _schHiToolbarRotate('previous)
\w *WARNING* Cancelling function, exceeds nestability limit of 5
\r nil
\a _schHiToolbarRotate('flipH)
\w *WARNING* Cancelling function, exceeds nestability limit of 5
\r nil
\a mouseAddPt(t)
\i 1.05625:1.46875
\r t
\a _schHiToolbarRotate('previous)
\w *WARNING* Cancelling function, exceeds nestability limit of 5
\r nil
\a mouseAddPt(t)
\i -2.4:-0.5375
\r t
\a schHiMove()
\r t
\a geSingleSelectBox()
\w *WARNING* Cancelling function, exceeds nestability limit of 5
\r nil
\a addPoint(hiGetCommandPoint())
\i 1:1.625
\r t
\a mouseAddPt(t)
\i 0.9125:1.78125
\r t
\a mouseAddPt(t)
\i -2.39375:0.90625
\r t
\a mouseAddPt(t)
\i -2.51875:0.9
\r t
\a mouseAddPt(t)
\i -0.5125:0.86875
\r t
\a mouseAddPt(t)
\i -0.275:0.8375
\r t
\a schHiCreateWire(0.0)
\r t
\a mouseAddPt(t)
\i -1.6875:1.5
\r t
\a mouseAddPt(t)
\i -1.64375:1.0125
\r t
\a mouseAddPt(t)
\i -0.39375:1
\r t
\a mouseAddPt(t)
\i -1.69375:1.0125
\r t
\a mouseAddPt(t)
\i -2.43125:1.01875
\r t
\a swindow(1)->hiToolbars->schSelectToolbar_1->nets->checked=t
\r t
\a schHiDelete()
\r t
\a mouseAddPt(t)
\i -2.30625:0.8875
\r t
\a mouseAddPt(t)
\i -2.30625:0.95625
\r t
\a mouseAddPt(t)
\i -2.30625:0.95625
\r t
\a mouseAddPt(t)
\i -2.3:0.86875
\r t
\a mouseAddPt(t)
\i -2.3:0.85
\r t
\a mouseAddPt(t)
\i -0.64375:0.95
\r t
\a mouseAddPt(t)
\i -2.30625:1.04375
\r t
\a mouseAddPt(t)
\i -2.4625:0.875
\r t
\a mouseAddPt(t)
\i -2.43125:-0.61875
\r t
\a mouseAddPt(t)
\i 1.13125:1.55625
\r t
\a mouseAddPt(t)
\i -1.68125:1.7625
\r t
\a schHiCreateWire(0.0)
\r t
\a mouseAddPt(t)
\i -1.71875:1.66875
\r t
\a mouseAddPt(t)
\i -1.86875:1.85
\r t
\a mouseAddPt(t)
\i -1.675:1.86875
\r t
\a mouseAddPt(t)
\i 1.075:1.68125
\r t
\a mouseAddPt(t)
\i 1.26875:1.8625
\r t
\a mouseAddPt(t)
\i 1.075:1.86875
\r t
\a mouseAddPt(t)
\i -0.39375:0.8125
\r t
\a mouseAddPt(t)
\i -0.575:0.99375
\r t
\a mouseAddPt(t)
\i -2.425:0.81875
\r t
\a mouseAddPt(t)
\i -2.21875:0.975
\r t
\a mouseAddPt(t)
\i -2.45625:-0.5
\r t
\a mouseAddPt(t)
\i -2.6375:-0.69375
\r t
\a mouseAddPt(t)
\i -2.4125:-0.68125
\r t
\a mouseAddPt(t)
\i -2.4125:0.625
\r t
\a mouseAddPt(t)
\i -2.43125:-0.3125
\r t
\a mouseAddPt(t)
\i -0.38125:-0.4125
\r t
\a mouseAddPt(t)
\i -0.375:0.60625
\r t
\a mouseAddPt(t)
\i -0.61875:-0.55625
\r t
\a mouseAddPt(t)
\i -0.625:-0.56875
\r t
\a schHiMove()
\r t
\a mouseAddPt(t)
\i -0.48125:-0.625
\r t
\a swindow(1)->hiToolbars->schSelectToolbar_1->instances->checked=t
\r t
\a mouseAddPt(t)
\i -0.55625:-0.5125
\r t
\a mouseAddPt(t)
\i -0.5375:-0.425
\r t
\a schHiDelete()
\r t
\a swindow(1)->hiToolbars->schSelectToolbar_1->nets->checked=t
\r t
\a mouseAddPt(t)
\i -0.25:-0.7375
\r t
\a mouseAddPt(t)
\i -0.2125:-0.73125
\r t
\a mouseAddPt(t)
\i -0.26875:-0.575
\r t
\a schHiCreateWire(0.0)
\r t
\a schHiCreateWire(0.0)
\r t
\a mouseAddPt(t)
\i -0.35:-0.50625
\r t
\a mouseAddPt(t)
\i -0.175:-0.7125
\r t
\a mouseAddPt(t)
\i -0.36875:-0.69375
\r t
\a mouseAddPt(t)
\i -2.16875:-0.55
\r t
\a mouseAddPt(t)
\i -0.6125:-0.51875
\r t
\a mouseAddPt(t)
\i -2.4375:0.125
\r t
\a mouseAddPt(t)
\i -1.35625:-0.5
\r t
\a mouseAddPt(t)
\i -1.4375:1.7
\r t
\a mouseAddPt(t)
\i 0.79375:1.675
\r t
\a mouseAddPt(t)
\i 1.09375:1.48125
\r t
\a mouseAddPt(t)
\i 1.10625:0.1125
\r t
\a mouseAddPt(t)
\i 1.10625:0.1125
\r t
\a schHiDelete()
\r t
\a mouseAddPt(t)
\i 1.08125:0.7125
\r t
\a mouseAddPt(t)
\i 1.08125:0.13125
\r t
\a schHiCreateWire(0.0)
\r t
\a swindow(1)->hiToolbars->schSelectToolbar_1->instances->checked=t
\r t
\a schHiMove()
\r t
\a mouseAddPt(t)
\i 1.13125:-0.55
\r t
\a mouseAddPt(t)
\i 1.025:-0.46875
\r t
\a mouseAddPt(t)
\i 1.38125:-0.76875
\r t
\a schHiDelete()
\r t
\a mouseAddPt(t)
\i 1.375:-0.66875
\r t
\a mouseAddPt(t)
\i 1.35:-0.71875
\r t
\a swindow(1)->hiToolbars->schSelectToolbar_1->nets->checked=t
\r t
\a mouseAddPt(t)
\i 1.38125:-0.73125
\r t
\a mouseAddPt(t)
\i 1.38125:-0.675
\r t
\a mouseAddPt(t)
\i 1.34375:-0.56875
\r t
\a schHiCreateWire(0.0)
\r t
\a swindow(1)->hiToolbars->schSelectToolbar_1->instances->checked=t
\r t
\a mouseAddPt(t)
\i 1.06875:-0.50625
\r t
\a mouseAddPt(t)
\i 1.275:-0.69375
\r t
\a mouseAddPt(t)
\i 1.03125:-0.70625
\r t
\a mouseAddPt(t)
\i 1.0625:1.49375
\r t
\a mouseAddPt(t)
\i 1.0375:-0.31875
\r t
\a mouseAddPt(t)
\i 0.8125:-0.50625
\r t
\a mouseAddPt(t)
\i -0.35:0.1625
\r t
\a mouseAddPt(t)
\i -2.45:-0.6875
\r t
\a mouseAddPt(t)
\i -2.44375:-1.2375
\r t
\a mouseAddPt(t)
\i 1.6625:-1.23125
\r t
\a mouseAddPt(t)
\i 1.6625:-1.23125
\r t
\a mouseAddPt(t)
\i 1.05:-0.66875
\r t
\a mouseAddPt(t)
\i 1.075:-1.23125
\r t
\a mouseAddPt(t)
\i -0.375:-0.68125
\r t
\a mouseAddPt(t)
\i -0.3625:-1.2375
\r t
\a mouseAddPt(t)
\i -2.4625:-1.25
\r t
\a mouseAddPt(t)
\i -3.0125:-1.2375
\r t
\a mouseAddPt(t)
\i -2.98125:-1.24375
\r t
\a geScroll(nil "n" nil)
\r t
\a geScroll(nil "n" nil)
\r t
\a geScroll(nil "n" nil)
\r t
\a geScroll(nil "s" nil)
\r t
\a geScroll(nil "s" nil)
\r t
\a schHiCreateWire(0.0)
\r t
\a mouseAddPt(t)
\i -1.69375:1.8625
\r t
\a mouseAddPt(t)
\i -1.7:2.44375
\r t
\a mouseAddPt(t)
\i -2.575:2.4375
\r t
\a mouseAddPt(t)
\i -2.575:2.4375
\r t
\a mouseAddPt(t)
\i -1.6875:2.40625
\r t
\a mouseAddPt(t)
\i 1.61875:2.43125
\r t
\a mouseAddPt(t)
\i 1.61875:2.43125
\r t
\a mouseAddPt(t)
\i 1.0625:1.88125
\r t
\a mouseAddPt(t)
\i 1.0625:2.44375
\r t
\a geScroll(nil "s" nil)
\r t
\a geScroll(nil "s" nil)
\r t
\a geScroll(nil "n" nil)
\r t
\a schHiCreateInst()
\r t
\a schiCreateInstBrowseButtonCB(schCreateInstForm)
\r t
\i ddsServSelect("acdLib2016" "mos_level2" "symbol")
\i ddsServSelect("acdLib2016" "LAB01_ota1" "")
\p > 
\a hiDBoxOK(_schDBox)
\r t
\i ddsServSelect("acdLib2016" "labdesign" "")
\i ddsServSelect("analogLib" "" "")
\i ddsServSelect("analogLib" "vdc" "symbol")
\i ddsServSelect("analogLib" "vdd" "symbol")
\i ddsServSelect("analogLib" "vdc" "symbol")
\i ddsServSelect("analogLib" "vdd" "symbol")
\i ddsServSelect("analogLib" "vdd_inherit" "symbol")
\i ddsServSelect("analogLib" "vdda" "symbol")
\i ddsServSelect("analogLib" "vddd" "symbol")
\i ddsServSelect("analogLib" "vee" "symbol")
\i ddsServSelect("analogLib" "veea" "symbol")
\i ddsServSelect("analogLib" "veed" "symbol")
\i ddsServSelect("analogLib" "vexp" "symbol")
\i ddsServSelect("analogLib" "veed" "symbol")
\i ddsServSelect("analogLib" "veea" "symbol")
\i ddsServSelect("analogLib" "vee" "symbol")
\i ddsServSelect("analogLib" "vddd" "symbol")
\i ddsServSelect("analogLib" "vdda" "symbol")
\i ddsServSelect("analogLib" "vdd_inherit" "symbol")
\i ddsServSelect("analogLib" "vdd" "symbol")
\i ddsServSelect("analogLib" "vdc" "symbol")
\a mouseAddPt(t)
\i -3.64375:1.8375
\r t
\a geScroll(nil "n" nil)
\r t
\a schHiCreateInst()
\r t
\a schHiCreateInst()
\r t
\a schHiCreateInst()
\r t
\a schHiCreateInst()
\r t
\a swindow(1)->hiToolbars->schSelectToolbar_1->instances->checked=nil
\r nil
\a swindow(1)->hiToolbars->schSelectToolbar_1->nets->checked=t
\r t
\a swindow(1)->hiToolbars->schSelectToolbar_1->instances->checked=t
\r t
\a cancelEnterFun()
\r t
\r nil
\a schHiCreateInst()
\r t
\a schiCreateInstBrowseButtonCB(schCreateInstForm)
\r t
\i ddsServSelect("analogLib" "gnd" "symbol")
\a geScroll(nil "s" nil)
\r t
\a geScroll(nil "s" nil)
\r t
\a geScroll(nil "s" nil)
\r t
\a geScroll(nil "s" nil)
\r t
\a geScroll(nil "n" nil)
\r t
\a mouseAddPt(t)
\i -0.66875:-1.25625
\r t
\a geScroll(nil "n" nil)
\r t
\a geScroll(nil "n" nil)
\r t
\a geScroll(nil "n" nil)
\r t
\a geScroll(nil "n" nil)
\r t
\a mouseAddPt(t)
\i -3.6125:1.4125
\r t
\a cancelEnterFun()
\r t
\r nil
\a mouseAddPt(t)
\i 3.575:2.33125
\r t
\a mouseAddPt(t)
\i 4.05625:0.71875
\r t
\a mouseAddPt(t)
\i -3.1375:2.9625
\r t
\a schHiCreateWire(0.0)
\r t
\a mouseAddPt(t)
\i -3.625:1.79375
\r t
\a mouseAddPt(t)
\i -3.60625:2.33125
\r t
\a mouseAddPt(t)
\i -3.625:2.3
\r t
\a schHiCreateWireLabel()
\r t
\a hiiSetCurrentForm('schCreateWireLabelForm)
\r t
\a mouseAddPt(t)
\i -3.6125:2.16875
\r t
\a mouseAddPt(t)
\i -3.625:2.06875
\r t
\a swindow(1)->hiToolbars->schSelectToolbar_1->nets->checked=t
\r t
\a mouseAddPt(t)
\i -3.625:2.15625
\r t
\a schMouseApplyOrFinish()
\i -3.625:2.1875
\r t
\a schHiMousePopUp()
\i -3.625:2.1875
\r t
\a hiPopupDown(schWirePopUp)
\r t
\a schHiCreateWireLabel()
\r t
\a schHiMousePopUp()
\i -3.625:2
\r t
\a hiPopupDown(schWirePopUp)
\r t
\a schHiCreateWireLabel()
\r t
\a schHiCreateWireLabel()
\r t
\a mouseAddPt(t)
\i -3.60625:2.075
\r t
\a cancelEnterFun()
\r t
\r nil
\a schHiCreateWire(0.0)
\r t
\a swindow(1)->hiToolbars->schSelectToolbar_1->instances->checked=t
\r t
\a swindow(1)->hiToolbars->schSelectToolbar_1->default->checked=t
\r t
\a mouseAddPt(t)
\i -3.6:2.0375
\r t
\a schHiMousePopUp()
\i -3.625:2.0625
\r t
\a hiPopupDown(schWirePopUp)
\r t
\a schHiCreateWireLabel()
\r t
\a schCreateWireLabelForm->tabField->page1->label->value="VDD"
\r "VDD"
\a hiiToggleEnterForm(schCreateWireLabelForm)
\r t
\a mouseAddPt(t)
\i -3.6125:2.25625
\r t
\a schHiCreateWireLabel()
\r t
\a schCreateWireLabelForm->tabField->page1->label->value="VDD"
\r "VDD"
\a hiiToggleEnterForm(schCreateWireLabelForm)
\r t
\a mouseAddPt(t)
\i -2.375:2.425
\r t
\a schHiCheckAndSave()
\o INFO (SCH-1170): Extracting "labdesign schematic"
\o Warning: Pin "vgate" on instance "I0": floating input/output.
\o Warning: Pin "vgate" on instance "I1": floating input/output.
\o Warning: Floating net "net016" at (-2.9375, 1.3125).
\o Warning: Floating net "net016" at (-2.3125, 0.8750).
\o Warning: Floating net "net1" at (-0.3750, -0.3750).
\o INFO (SCH-1172): There were 0 errors and 5 warnings found in "acdLib2016 labdesign schematic".
\p > 
\a hiDBoxOK(_schCheckDBox)
\r t
\o INFO (SCH-1181): "acdLib2016 labdesign schematic" saved.
\r t
\a geScroll(nil "s" nil)
\r t
\a geScroll(nil "s" nil)
\r t
\a schHiCreateWire(0.0)
\r t
\a mouseAddPt(t)
\i -2.6875:0.80625
\r t
\a mouseAddPt(t)
\i -3.1875:0.81875
\r t
\a mouseAddPt(t)
\i -3.1875:0.81875
\r t
\a mouseAddPt(t)
\i -0.10625:0.81875
\r t
\a mouseAddPt(t)
\i 0.5125:0.80625
\r t
\a mouseAddPt(t)
\i 0.5:0.80625
\r t
\a schHiCreateWireLabel()
\r t
\a schCreateWireLabelForm->tabField->page1->label->value="VIN+"
\r "VIN+"
\a hiiToggleEnterForm(schCreateWireLabelForm)
\r t
\a mouseAddPt(t)
\i -3.11875:0.8125
\r t
\a schHiCreateWireLabel()
\r t
\a schCreateWireLabelForm->tabField->page1->label->value="VIN-"
\r "VIN-"
\a hiiToggleEnterForm(schCreateWireLabelForm)
\r t
\a mouseAddPt(t)
\i 0.38125:0.80625
\r t
\a geScroll(nil "n" nil)
\r t
\a swindow(1)->hiToolbars->schSelectToolbar_1->default->checked=nil
\r nil
\a mouseAddPt(t)
\i -2.925:1.3
\r t
\a geSingleSelectBox()
\i -2.9375:1.3125
\p > 
\a addPoint(hiGetCommandPoint())
\i -2.875:1.25
\r t
\r nil
\a schHiMousePopUp()
\i -2.9375:1.3125
\r t
\a hiPopupDown(schMarkerPopUp)
\r t
\a geHiDeleteMarker()
\r t
\a mouseAddPt(t)
\i -2.3125:0.86875
\r t
\a schHiCheckAndSave()
\o INFO (SCH-1170): Extracting "labdesign schematic"
\o Warning: Pin "vgate" on instance "I0": floating input/output.
\o Warning: Pin "vgate" on instance "I1": floating input/output.
\o Warning: Floating net "VIN+" at (-3.1875, 0.8125).
\o Warning: Floating net "net016" at (-2.9375, 1.3125).
\o Warning: Floating net "net016" at (-2.3125, 0.8750).
\o Warning: Floating net "net1" at (-0.3750, -0.3750).
\o Warning: Floating net "VIN-" at (0.5000, 0.8125).
\o INFO (SCH-1172): There were 0 errors and 7 warnings found in "acdLib2016 labdesign schematic".
\p > 
\a hiDBoxOK(_schCheckDBox)
\r t
\o INFO (SCH-1181): "acdLib2016 labdesign schematic" saved.
\r t
\a schHiDelete()
\r t
\a mouseAddPt(t)
\i -0.36875:-0.38125
\r t
\a schHiCheckAndSave()
\o INFO (SCH-1170): Extracting "labdesign schematic"
\o Warning: Pin "vgate" on instance "I0": floating input/output.
\o Warning: Pin "vgate" on instance "I1": floating input/output.
\o Warning: Floating net "VIN+" at (-3.1875, 0.8125).
\o Warning: Floating net "net016" at (-2.9375, 1.3125).
\o Warning: Floating net "net016" at (-2.3125, 0.8750).
\o Warning: Floating net "VIN-" at (0.5000, 0.8125).
\o INFO (SCH-1172): There were 0 errors and 6 warnings found in "acdLib2016 labdesign schematic".
\p > 
\a hiDBoxOK(_schCheckDBox)
\r t
\o INFO (SCH-1181): "acdLib2016 labdesign schematic" saved.
\r t
\a geScroll(nil "s" nil)
\r t
\a geScroll(nil "s" nil)
\r t
\a geScroll(nil "n" nil)
\r t
\a schHiCreateInst()
\r t
\a hiiSetCurrentForm('schCreateInstForm)
\r t
\a cancelEnterFun(schCreateInstForm)
\r t
\r nil
\a _seeHiTbRun(swindow(1)->hiToolbars->schSearchToolbar_1->seeSearchCombo_1 "c")
\r t
\o Virtuoso® Search: updating cache for acdLib2016.labdesign:schematic (window:3)
\a schHiCreateInst()
\r t
\a schiCreateInstBrowseButtonCB(schCreateInstForm)
\r t
\i ddsServSelect("analogLib" "cap" "symbol")
\a mouseAddPt(t)
\i 1.8:1.1125
\r t
\a mouseAddPt(t)
\i 0.625:0.26875
\r t
\a schHiDelete()
\r t
\a mouseAddPt(t)
\i 1.8625:0.975
\r t
\a schHiCreateWire(0.0)
\r t
\a _schHiToolbarRotate('previous)
\p > 
\a _schHiToolbarRotate('right)
\p > 
\a mouseAddPt(t)
\i 0.6875:0.05625
\r t
\a schHiMove()
\r t
\a mouseAddPt(t)
\i 0.7125:0.1125
\r t
\a mouseAddPt(t)
\i 0.76875:0.175
\r t
\a schHiCreateWire(0.0)
\r t
\a mouseAddPt(t)
\i 0.55:0.175
\r t
\a mouseAddPt(t)
\i 0.43125:0.175
\r t
\a mouseAddPt(t)
\i 0.95:0.16875
\r t
\a mouseAddPt(t)
\i 1.0625:0.16875
\r t
\a geScroll(nil "n" nil)
\r t
\a geScroll(nil "n" nil)
\r t
\a geScroll(nil "n" nil)
\r t
\a geScroll(nil "s" nil)
\r t
\a geScroll(nil "s" nil)
\r t
\a schHiCreateInst()
\r t
\a schiCreateInstBrowseButtonCB(schCreateInstForm)
\r t
\i ddsServSelect("analogLib" "vdc" "symbol")
\i ddsServSelect("analogLib" "" "")
\i ddsServSelect("analogLib" "vdc" "symbol")
\a mouseAddPt(t)
\i -3.90625:0.63125
\r t
\a cancelEnterFun()
\r t
\r nil
\a schHiMove()
\r t
\a mouseAddPt(t)
\i -3.94375:0.475
\r t
\a mouseAddPt(t)
\i -4.0625:1.675
\r t
\a mouseAddPt(t)
\i -3.6125:1.225
\r t
\a mouseAddPt(t)
\i -3.84375:1.06875
\r t
\a mouseAddPt(t)
\i -3.85:1.04375
\r t
\a mouseAddPt(t)
\i -3.86875:0.74375
\r t
\a schHiCreateWire(0.0)
\r t
\a mouseAddPt(t)
\i -4.0625:1.4375
\r t
\a mouseAddPt(t)
\i -3.65:1.44375
\r t
\a mouseAddPt(t)
\i -3.8875:1.425
\r t
\a mouseAddPt(t)
\i -3.9:0.95
\r t
\a mouseAddPt(t)
\i -4.0375:1.8125
\r t
\a mouseAddPt(t)
\i -4.05625:2.28125
\r t
\a mouseAddPt(t)
\i -4.0625:2.30625
\r t
\a schHiCreateWireLabel()
\r t
\a hiiSetCurrentForm('schCreateWireLabelForm)
\r t
\a schCreateWireLabelForm->tabField->page1->label->value="VBIAS"
\r "VBIAS"
\a hiiToggleEnterForm(schCreateWireLabelForm)
\r t
\a mouseAddPt(t)
\i -4.06875:2.18125
\r t
\a schHiCreateWireLabel()
\r t
\a schCreateWireLabelForm->tabField->page1->label->value="GND"
\r "GND"
\a hiiToggleEnterForm(schCreateWireLabelForm)
\r t
\a mouseAddPt(t)
\i -3.86875:1.16875
\r t
\a mouseAddPt(t)
\i -0.29375:1.66875
\r t
\a schHiCreateWireLabel()
\r t
\a schCreateWireLabelForm->tabField->page1->label->value="VBIAS"
\r "VBIAS"
\a hiiToggleEnterForm(schCreateWireLabelForm)
\r t
\a mouseAddPt(t)
\i -0.2375:1.69375
\r t
\a geScroll(nil "s" nil)
\r t
\a geScroll(nil "s" nil)
\r t
\a geScroll(nil "s" nil)
\r t
\a schHiDelete()
\r t
\a schHiDelete()
\r t
\a mouseAddPt(t)
\i -0.6875:-1.475
\r t
\a schHiCreateWireLabel()
\r t
\a schCreateWireLabelForm->tabField->page1->label->value="GND"
\r "GND"
\a hiiToggleEnterForm(schCreateWireLabelForm)
\r t
\a schSetEnv("upsideDown" t)
\r t
\a schSetEnv("upsideDown" t)
\r t
\a mouseAddPt(t)
\i -0.75:-1.25
\r t
\a geScroll(nil "n" nil)
\r t
\a geScroll(nil "n" nil)
\r t
\a geScroll(nil "n" nil)
\r t
\a swindow(1)->hiToolbars->schSelectToolbar_1->instances->checked=t
\r t
\a mouseAddPt(t)
\i 0.99375:1.65625
\r t
\a mouseAddPt(t)
\i 0.9625:1.65625
\r t
\a schHiMousePopUp()
\i 1:1.6875
\r t
\a hiPopupDown(schInstPopUp)
\r t
\a schHiObjectProperty()
\r t
\a hiiSetCurrentForm('schObjPropForm)
\r t
\a hiFormCancel(schObjPropForm) 
\r t
\a _treeNavSelectionClear(dwindow('treeAssistant1))
\r t
\a _treeNavSelect(dwindow('treeAssistant1) " Inst")
\r t
\a mouseAddPt(t)
\i 1.025:1.73125
\r t
\a _treeNavSelectionClear(dwindow('treeAssistant1))
\r t
\a _treeNavSelect(dwindow('treeAssistant1) "/I4(symbol) Inst")
\r t
\a _treeNavSelectionClear(dwindow('treeAssistant1))
\r t
\a _treeNavSelect(dwindow('treeAssistant1) "/I5(symbol) Inst")
\r t
\a _oiSelectItem(dwindow('oiAssistant1) "0" 1)
\r t
\a _oiSetItem(dwindow('oiAssistant1) "0" 1 "25u M")
\r t
\a _treeNavSelectionClear(dwindow('treeAssistant1))
\r t
\a _treeNavSelect(dwindow('treeAssistant1) "/I6(symbol) Inst")
\r t
\a _oiSelectItem(dwindow('oiAssistant1) "0" 1)
\r t
\a _oiSetItem(dwindow('oiAssistant1) "0" 1 "25u M")
\r t
\a schHiCreateInst()
\r t
\a hiiSetCurrentForm('schCreateInstForm)
\r t
\a schiCreateInstBrowseButtonCB(schCreateInstForm)
\r t
\i ddsServSelect("analogLib" "vsin" "symbol")
\a mouseAddPt(t)
\i -3.2:1.80625
\r t
\a schHiCheckAndSave()
\o INFO (SCH-1170): Extracting "labdesign schematic"
\o Error: Net "GND" shorted to net "gnd!".
\o Error: Net "GND" shorted to net "gnd!".
\o INFO (SCH-1172): There were 2 errors and 0 warnings found in "acdLib2016 labdesign schematic".
\p > 
\a hiDBoxOK(_schCheckDBox)
\r t
\p > 
\a hiDBoxOK(_schCheckAndSaveDBox)
\r t
\o INFO (SCH-1181): "acdLib2016 labdesign schematic" saved.
\r nil
\a schHiCreateWire(0.0)
\r t
\a mouseAddPt(t)
\i -3.2:1.425
\r t
\a mouseAddPt(t)
\i -3.6:1.41875
\r t
\a mouseAddPt(t)
\i -3.175:1.80625
\r t
\a mouseAddPt(t)
\i -3.18125:2.3
\r t
\a mouseAddPt(t)
\i -3.18125:2.325
\r t
\a schHiDelete()
\r t
\r t
\a mouseAddPt(t)
\i -3.4375:1.425
\r t
\a mouseAddPt(t)
\i -3.4:1.4375
\r t
\a mouseAddPt(t)
\i -3.4:1.4375
\r t
\a mouseAddPt(t)
\i -3.4125:1.44375
\r t
\a swindow(1)->hiToolbars->schSelectToolbar_1->nets->checked=t
\r t
\a mouseAddPt(t)
\i -3.3875:1.4375
\r t
\a mouseAddPt(t)
\i -3.45625:1.4375
\r t
\a mouseAddPt(t)
\i -3.425:1.425
\r t
\a mouseAddPt(t)
\i -3.425:1.425
\r t
\a mouseAddPt(t)
\i -3.175:2.29375
\r t
\a schHiDelete()
\r t
\a mouseAddPt(t)
\i -3.1875:2.29375
\r t
\a mouseAddPt(t)
\i -3.3375:1.4375
\r t
\a schHiMove()
\r t
\a mouseAddPt(t)
\i -3.20625:1.6125
\r t
\a geSingleSelectBox()
\i -3.1875:1.625
\p > 
\a addPoint(hiGetCommandPoint())
\i -3.6875:0.875
\r t
\r nil
\a swindow(1)->hiToolbars->schSelectToolbar_1->instances->checked=t
\r t
\a mouseAddPt(t)
\i -3.1625:1.6375
\r t
\a mouseAddPt(t)
\i -4.04375:0.15
\r t
\i hiCaughtControlC
\r nil
\a hiFocusToCIW(hiGetCurrentWindow())
\r t
\a schHiCreateInst()
\p > 
\a schiCreateInstBrowseButtonCB(schCreateInstForm)
\r t
\a mouseAddPt(t)
\i -3.575:0.29375
\r t
\a _schHiToolbarRotate('previous)
\p > 
\a _schHiToolbarRotate('previous)
\p > 
\a _schHiToolbarRotate('flipV)
\p > 
\a mouseAddPt(t)
\i -4.03125:0.1125
\r t
\a mouseAddPt(t)
\i -3.55625:0.1
\r t
\a schHiCreateWire(0.0)
\r t
\a mouseAddPt(t)
\i -4.08125:0.325
\r t
\a mouseAddPt(t)
\i -3.93125:0.91875
\r t
\a mouseAddPt(t)
\i -3.86875:0.91875
\r t
\a mouseAddPt(t)
\i -3.56875:0.2875
\r t
\a mouseAddPt(t)
\i -3.56875:-0.1
\r t
\a mouseAddPt(t)
\i -3.5625:-0.05
\r t
\a mouseAddPt(t)
\i -3.55625:-0.44375
\r t
\a mouseAddPt(t)
\i -3.55625:-0.44375
\r t
\a schHiDelete()
\r t
\a mouseAddPt(t)
\i -3.5625:-0.13125
\r t
\a mouseAddPt(t)
\i -3.5625:-0.13125
\r t
\a mouseAddPt(t)
\i -3.5625:-0.11875
\r t
\a swindow(1)->hiToolbars->schSelectToolbar_1->nets->checked=t
\r t
\a mouseAddPt(t)
\i -3.55:-0.13125
\r t
\a schHiCreateWire(0.0)
\r t
\a mouseAddPt(t)
\i -3.5625:-0.075
\r t
\a mouseAddPt(t)
\i -3.56875:-0.61875
\r t
\a mouseAddPt(t)
\i -3.56875:-0.61875
\r t
\a mouseAddPt(t)
\i -4.08125:-0.0625
\r t
\a mouseAddPt(t)
\i -4.0625:-0.60625
\r t
\a mouseAddPt(t)
\i -4.0625:-0.60625
\r t
\a schHiCreateWireLabel()
\r t
\a hiiSetCurrentForm('schCreateWireLabelForm)
\r t
\a schCreateWireLabelForm->tabField->page1->label->value="VIN+"
\r "VIN+"
\a hiiToggleEnterForm(schCreateWireLabelForm)
\r t
\a mouseAddPt(t)
\i -4.08125:-0.5
\r t
\a schHiCreateWireLabel()
\r t
\a schCreateWireLabelForm->tabField->page1->label->value="VIN-"
\r "VIN-"
\a hiiToggleEnterForm(schCreateWireLabelForm)
\r t
\a mouseAddPt(t)
\i -3.55:-0.4875
\r t
\a swindow(1)->hiToolbars->schSelectToolbar_1->instances->checked=t
\r t
\a schHiCheckAndSave()
\o INFO (SCH-1170): Extracting "labdesign schematic"
\o Error: Net "GND" shorted to net "gnd!".
\o Error: Net "GND" shorted to net "gnd!".
\o Error: Net "GND" shorted to net "gnd!".
\o Error: Net "GND" shorted to net "gnd!".
\o Error: Net "GND" shorted to net "gnd!".
\o Error: Net "GND" shorted to net "gnd!".
\o INFO (SCH-1172): There were 6 errors and 0 warnings found in "acdLib2016 labdesign schematic".
\p > 
\a hiDBoxOK(_schCheckDBox)
\r t
\p > 
\a hiDBoxOK(_schCheckAndSaveDBox)
\r t
\o INFO (SCH-1181): "acdLib2016 labdesign schematic" saved.
\r nil
\a _schHiSaveAs()
\p > 
\a hiiSetCurrentForm('_schHiSaveAsForm)
\r t
\a hiFormDone(_schHiSaveAsForm)
\r t
\r t
\a schHiOpenCellView()
\p > 
\a hiiSetCurrentForm('deOpenForm)
\r t
\a deBrowser()
\r t
\i ddsServSelect("acdLib2016" "LAB01_ota1" "")
\i ddsServSelect("acdLib2016" "LAB01_ota1" "")
\a hiFormCancel(deOpenForm)
\r t
\r nil
\a _schHiSaveAs()
\p > 
\a hiiSetCurrentForm('_schHiSaveAsForm)
\r t
\a hiFormCancel(_schHiSaveAsForm) 
\r t
\r t
\a _schHiSaveAs()
\p > 
\a hiiSetCurrentForm('_schHiSaveAsForm)
\r t
\a hiFormDone(_schHiSaveAsForm)
\r t
\r t
\a schHiCheckAndSave()
\o INFO (SCH-1170): Extracting "labdesign schematic"
\o Error: Net "GND" shorted to net "gnd!".
\o Error: Net "GND" shorted to net "gnd!".
\o Error: Net "GND" shorted to net "gnd!".
\o Error: Net "GND" shorted to net "gnd!".
\o Error: Net "GND" shorted to net "gnd!".
\o Error: Net "GND" shorted to net "gnd!".
\o INFO (SCH-1172): There were 6 errors and 0 warnings found in "acdLib2016 labdesign schematic".
\p > 
\a hiDBoxOK(_schCheckDBox)
\r t
\p > 
\a hiDBoxOK(_schCheckAndSaveDBox)
\r t
\o INFO (SCH-1181): "acdLib2016 labdesign schematic" saved.
\r nil
\a schHiOpenCellView()
\p > 
\a hiiSetCurrentForm('deOpenForm)
\r t
\a hiFormCancel(deOpenForm) 
\r t
\r nil
\a hiiSetCurrentForm('schCreateInstForm)
\r t
\a _schHiSaveAs()
\p > 
\a hiiSetCurrentForm('_schHiSaveAsForm)
\r t
\a _schHiSaveAsForm->libName->value="acdLib2016-copy"
\r "acdLib2016-copy"
\a hiFormDone(_schHiSaveAsForm)
\p > 
\a hiDBoxOK(geDBox)
\r t
\r t
\a _schHiSaveAsForm->libName->value="acdLib2016"
\r "acdLib2016"
\a hiFormDone(_schHiSaveAsForm)
\r t
\r t
\a _treeNavSelectionClear(dwindow('treeAssistant1))
\r t
\a _treeNavSelect(dwindow('treeAssistant1) " Inst")
\r t
\a _treeRaiseContextMenu()
\r nil
\a hiPopupDown(_cxtMenu)
\r t
\a hiExportImageDialog(getCurrentWindow())
\a nrSetWindowVisibility(ExportImageDialog "show")
\r t
\r t
\a nrSetCurrentWindow(ExportImageDialog)
\r t
\a nrResizeWindow(ExportImageDialog list(544 173 581 525))
\r t
\a ExportImageDialog->visibleArea->value = nil
\r nil
\a ExportImageDialog->entireDesign->value = t
\r t
\a ExportImageDialog->save->value = t
\r t
\a ExportImageDialog->fileName->value = "example.png"
\r "example.png"
\a schHiOpenCellView()
\p > 
\a hiiSetCurrentForm('deOpenForm)
\r t
\a deOpenForm->deCellChoice->value= '( "labdesign" )
\r ("labdesign")
\a deOpenForm->deCellChoice->value= '( "LAB01_ota1" )
\r ("LAB01_ota1")
\a hiFormCancel(deOpenForm)
\r t
\r nil
\a schHiCheckAndSave()
\o INFO (SCH-1170): Extracting "labdesign schematic"
\o Error: Net "GND" shorted to net "gnd!".
\o Error: Net "GND" shorted to net "gnd!".
\o Error: Net "GND" shorted to net "gnd!".
\o Error: Net "GND" shorted to net "gnd!".
\o Error: Net "GND" shorted to net "gnd!".
\o Error: Net "GND" shorted to net "gnd!".
\o INFO (SCH-1172): There were 6 errors and 0 warnings found in "acdLib2016 labdesign schematic".
\p > 
\a hiDBoxOK(_schCheckDBox)
\r t
\p > 
\a hiDBoxOK(_schCheckAndSaveDBox)
\r t
\o INFO (SCH-1181): "acdLib2016 labdesign schematic" saved.
\r nil
\a hiCloseWindow(swindow(1))
\r t
\r nil
\r nil
\r nil
\r nil
\a deNew()
\p > 
\a hiiSetCurrentForm('deNewForm)
\r t
\a hiFormDone(deNewForm)
\p > 
\a hiDBoxCancel(deDBox)
\r t
\r t
\a hiFormCancel(deNewForm)
\r t
\r nil
\a deOpen()
\p > 
\a hiiSetCurrentForm('deOpenForm)
\r t
\a deOpenForm->deCellChoice->value= '( "mos_level2" )
\r ("mos_level2")
\a _deCellChoiceCB()
\r "symbol"
\a hiFormCancel(deOpenForm)
\r t
\r nil
